Query OK, 0 rows affected (0.02 sec)

Query OK, 0 rows affected (0.01 sec)

+-----------+-------------+------+-----+---------+-------+
| Field     | Type        | Null | Key | Default | Extra |
+-----------+-------------+------+-----+---------+-------+
| person_id | int         | NO   | PRI | NULL    |       |
| name      | varchar(50) | NO   |     | NULL    |       |
| aadhar    | bigint      | NO   | UNI | NULL    |       |
| age       | int         | YES  |     | NULL    |       |
+-----------+-------------+------+-----+---------+-------+
4 rows in set (0.00 sec)

+-------------+------+-----+-----+---------+-------+
| Field       | Type | Null| Key | Default | Extra |
+-------------+------+-----+-----+---------+-------+
| orderid     | int  | NO  | PRI | NULL    |       |
| order_number| int  | NO  |     | NULL    |       |
| personid    | int  | YES | MUL | NULL    |       |
+-------------+------+-----+-----+---------+-------+
3 rows in set (0.00 sec)

Query OK, 0 rows affected (0.03 sec)
Records: 0  Duplicates: 0  Warnings: 0

Query OK, 0 rows affected (0.02 sec)
Records: 0  Duplicates: 0  Warnings: 0

Query OK, 0 rows affected (0.04 sec)
Records: 0  Duplicates: 0  Warnings: 0

Query OK, 0 rows affected (0.02 sec)
Records: 0  Duplicates: 0  Warnings: 0
